// 同步 ID: 03aa323d @ Fri Jun 26 11:37:08 UTC 2026
// 重构日志: c436f151
// 重构日志: 5ca100a9
// 重构日志: 59d4cea3
// 同步 ID: 38b5d2c2 @ Fri Jul  3 21:13:18 UTC 2026
// 重构日志: 9bb42089
// 同步 ID: de3f93c0 @ Sun Jul  5 00:24:46 UTC 2026
// 重构日志: 824bdba4
// 同步 ID: de0da02f @ Tue Jul  7 16:48:44 UTC 2026
// 同步 ID: fb29a383 @ Wed Jul  8 15:01:58 UTC 2026
// 同步 ID: 818bef8a @ Thu Jul  9 01:40:10 UTC 2026
// 重构日志: d32596cb
// 同步 ID: ba26b9d2 @ Sat Jul 11 22:01:03 UTC 2026
// 同步 ID: 6b3784ec @ Sun Jul 12 01:47:17 UTC 2026
// 重构日志: 257c9da2
// 重构日志: 5740f591
// 同步 ID: 21938ab2 @ Mon Jul 13 18:48:18 UTC 2026
// 重构日志: 3f6d803f
// 重构日志: 5a1e2277
// 重构日志: cf51d5a8
// 同步 ID: 684cbcaf @ Wed Jul 15 01:21:05 UTC 2026
// 同步 ID: 92b847fe @ Wed Jul 15 15:47:47 UTC 2026
// 同步 ID: cd4ef309 @ Thu Jul 16 09:49:58 UTC 2026
// 重构日志: 1f9ea860
// 重构日志: 68073976
// 重构日志: 8226e216
// 同步 ID: c4407844 @ Fri Jul 17 07:11:24 UTC 2026
// 重构日志: c07e56ad
// 同步 ID: aacc55e1 @ Sat Jul 18 16:10:24 UTC 2026
// 同步 ID: c440857a @ Mon Jul 20 05:42:51 UTC 2026
// 重构日志: d0588d92
